[DEBUG] 2025/03/30 23:16:12 logger.go:47: 这是一条调试信息
[INFO] 2025/03/30 23:16:12 logger.go:54: 这是一条普通信息
[WARN] 2025/03/30 23:16:12 logger.go:61: 这是一条警告信息
[ERROR] 2025/03/30 23:16:12 logger.go:68: 这是一条错误信息
[ERROR] 2025/03/30 23:16:12 logger.go:68: 只有错误信息会显示
[DEBUG] 2025/03/30 23:26:45 logger.go:61: 这是一条调试信息
[INFO] 2025/03/30 23:26:45 logger.go:68: 这是一条普通信息
[WARN] 2025/03/30 23:26:45 logger.go:75: 这是一条警告信息
[ERROR] 2025/03/30 23:26:45 logger.go:82: 这是一条错误信息
[ERROR] 2025/03/30 23:26:45 logger.go:82: 只有错误信息会显示
[DEBUG] 2025/03/30 23:27:14 logger.go:61: 这是一条调试信息
[INFO ] 2025/03/30 23:27:15 logger.go:68: 这是一条普通信息
[WARN ] 2025/03/30 23:27:15 logger.go:75: 这是一条警告信息
[ERROR] 2025/03/30 23:27:15 logger.go:82: 这是一条错误信息
[ERROR] 2025/03/30 23:27:15 logger.go:82: 只有错误信息会显示
[DEBUG] 2025/04/02 11:33:33 logger.go:61: 这是一条调试信息
[INFO ] 2025/04/02 11:33:33 logger.go:68: 这是一条普通信息
[WARN ] 2025/04/02 11:33:33 logger.go:75: 这是一条警告信息
[ERROR] 2025/04/02 11:33:33 logger.go:82: 这是一条错误信息
[DEBUG] 2025/04/03 12:08:12 logger.go:61: 这是一条调试信息
[INFO ] 2025/04/03 12:08:12 logger.go:68: 这是一条普通信息
[WARN ] 2025/04/03 12:08:12 logger.go:75: 这是一条警告信息
[ERROR] 2025/04/03 12:08:12 logger.go:82: 这是一条错误信息
[DEBUG] 2025/04/03 15:15:43 logger.go:61: 这是一条调试信息
[INFO ] 2025/04/03 15:15:43 logger.go:68: 这是一条普通信息
[WARN ] 2025/04/03 15:15:43 logger.go:75: 这是一条警告信息
[ERROR] 2025/04/03 15:15:43 logger.go:82: 这是一条错误信息
[DEBUG] 2025/04/09 13:17:59 logger.go:61: 这是一条调试信息
[INFO ] 2025/04/09 13:17:59 logger.go:68: 这是一条普通信息
[WARN ] 2025/04/09 13:17:59 logger.go:75: 这是一条警告信息
[ERROR] 2025/04/09 13:17:59 logger.go:82: 这是一条错误信息
[DEBUG] 2025/04/09 14:25:49 logger.go:61: 这是一条调试信息
[INFO ] 2025/04/09 14:25:49 logger.go:68: 这是一条普通信息
[WARN ] 2025/04/09 14:25:49 logger.go:75: 这是一条警告信息
[ERROR] 2025/04/09 14:25:49 logger.go:82: 这是一条错误信息
[DEBUG] 2025/04/10 09:07:51 logger.go:61: 这是一条调试信息
[INFO ] 2025/04/10 09:07:51 logger.go:68: 这是一条普通信息
[WARN ] 2025/04/10 09:07:51 logger.go:75: 这是一条警告信息
[ERROR] 2025/04/10 09:07:51 logger.go:82: 这是一条错误信息
[DEBUG] 2025/04/10 09:07:51 logger.go:61: 配置文件已生成（缩进 2 空格）
[DEBUG] 2025/04/10 09:09:21 logger.go:61: 这是一条调试信息
[INFO ] 2025/04/10 09:09:21 logger.go:68: 这是一条普通信息
[WARN ] 2025/04/10 09:09:21 logger.go:75: 这是一条警告信息
[ERROR] 2025/04/10 09:09:21 logger.go:82: 这是一条错误信息
[DEBUG] 2025/04/10 09:09:21 logger.go:61: 配置文件已生成（缩进 2 空格）
